[07:03:17] [Paper Plugin Remapper Thread - 1/INFO]: [PluginRemapper] Remapping plugin 'plugins/MythicLib-1.6.1.jar'...
[07:03:17] [Paper Plugin Remapper Thread - 0/INFO]: [PluginRemapper] Remapping plugin 'plugins/AureliumSkills-Beta1.3.24.jar'...
[07:03:18] [ServerMain/ERROR]: [PluginRemapper] Encountered exception remapping plugins
java.util.concurrent.CompletionException: java.lang.RuntimeException: Failed to remap plugin jar 'plugins/MythicLib-1.6.1.jar'
	at java.base/java.util.concurrent.CompletableFuture.encodeThrowable(CompletableFuture.java:315) ~[?:?]
	at java.base/java.util.concurrent.CompletableFuture.completeThrowable(CompletableFuture.java:320) ~[?:?]
	at java.base/java.util.concurrent.CompletableFuture$UniApply.tryFire(CompletableFuture.java:649) ~[?:?]
	at java.base/java.util.concurrent.CompletableFuture$Completion.run(CompletableFuture.java:482) ~[?:?]
	at java.base/java.util.concurrent.ThreadPoolExecutor.runWorker(ThreadPoolExecutor.java:1144) ~[?:?]
	at java.base/java.util.concurrent.ThreadPoolExecutor$Worker.run(ThreadPoolExecutor.java:642) ~[?:?]
	at java.base/java.lang.Thread.run(Thread.java:1583) ~[?:?]
	Suppressed: java.util.concurrent.CompletionException: java.lang.RuntimeException: Failed to remap plugin jar 'plugins/AureliumSkills-Beta1.3.24.jar'
		at java.base/java.util.concurrent.CompletableFuture.encodeThrowable(CompletableFuture.java:315) ~[?:?]
		at java.base/java.util.concurrent.CompletableFuture.completeThrowable(CompletableFuture.java:320) ~[?:?]
		at java.base/java.util.concurrent.CompletableFuture$UniApply.tryFire(CompletableFuture.java:649) ~[?:?]
		at java.base/java.util.concurrent.CompletableFuture$Completion.run(CompletableFuture.java:482) ~[?:?]
		at java.base/java.util.concurrent.ThreadPoolExecutor.runWorker(ThreadPoolExecutor.java:1144) ~[?:?]
		at java.base/java.util.concurrent.ThreadPoolExecutor$Worker.run(ThreadPoolExecutor.java:642) ~[?:?]
		at java.base/java.lang.Thread.run(Thread.java:1583) ~[?:?]
	Caused by: java.lang.RuntimeException: Failed to remap plugin jar 'plugins/AureliumSkills-Beta1.3.24.jar'
		at io.papermc.paper.pluginremap.PluginRemapper.lambda$remap$7(PluginRemapper.java:358) ~[paper-1.20.6.jar:1.20.6-148-20f5165]
		at java.base/java.util.concurrent.CompletableFuture$UniApply.tryFire(CompletableFuture.java:646) ~[?:?]
		... 4 more
	Caused by: java.lang.RuntimeException: Failed to execute task dev/dbassett/skullcreator/SkullCreatorTesterPluginL10
		at net.neoforged.art.internal.AsyncHelper.invokeAll(AsyncHelper.java:56) ~[AutoRenamingTool-2.0.3.jar:?]
		at net.neoforged.art.internal.AsyncHelper.consumeAll(AsyncHelper.java:36) ~[AutoRenamingTool-2.0.3.jar:?]
		at net.neoforged.art.internal.RenamerImpl.run(RenamerImpl.java:177) ~[paper-1.20.6.jar:?]
		at net.neoforged.art.internal.RenamerImpl.run(RenamerImpl.java:95) ~[paper-1.20.6.jar:?]
		at io.papermc.paper.pluginremap.PluginRemapper.lambda$remap$7(PluginRemapper.java:355) ~[paper-1.20.6.jar:1.20.6-148-20f5165]
		at java.base/java.util.concurrent.CompletableFuture$UniApply.tryFire(CompletableFuture.java:646) ~[?:?]
		... 4 more
	Caused by: java.util.concurrent.ExecutionException: java.lang.IllegalStateException: Duplicate key a (attempted merging values private static dev/dbassett/skullcreator/SkullCreatorTesterPluginL10/a Ljavassist/ws/a; and private static dev/dbassett/skullcreator/SkullCreatorTesterPluginL10/a Ljava/io/File;)
		at java.base/java.util.concurrent.FutureTask.report(FutureTask.java:122) ~[?:?]
		at java.base/java.util.concurrent.FutureTask.get(FutureTask.java:191) ~[?:?]
		at net.neoforged.art.internal.AsyncHelper.invokeAll(AsyncHelper.java:52) ~[AutoRenamingTool-2.0.3.jar:?]
		at net.neoforged.art.internal.AsyncHelper.consumeAll(AsyncHelper.java:36) ~[AutoRenamingTool-2.0.3.jar:?]
		at net.neoforged.art.internal.RenamerImpl.run(RenamerImpl.java:177) ~[paper-1.20.6.jar:?]
		at net.neoforged.art.internal.RenamerImpl.run(RenamerImpl.java:95) ~[paper-1.20.6.jar:?]
		at io.papermc.paper.pluginremap.PluginRemapper.lambda$remap$7(PluginRemapper.java:355) ~[paper-1.20.6.jar:1.20.6-148-20f5165]
		at java.base/java.util.concurrent.CompletableFuture$UniApply.tryFire(CompletableFuture.java:646) ~[?:?]
		... 4 more
	Caused by: java.lang.IllegalStateException: Duplicate key a (attempted merging values private static dev/dbassett/skullcreator/SkullCreatorTesterPluginL10/a Ljavassist/ws/a; and private static dev/dbassett/skullcreator/SkullCreatorTesterPluginL10/a Ljava/io/File;)
		at java.base/java.util.stream.Collectors.duplicateKeyException(Collectors.java:135) ~[?:?]
		at java.base/java.util.stream.Collectors.lambda$uniqKeysMapAccumulator$1(Collectors.java:182) ~[?:?]
		at java.base/java.util.stream.ReduceOps$3ReducingSink.accept(ReduceOps.java:169) ~[?:?]
		at java.base/java.util.stream.ReferencePipeline$3$1.accept(ReferencePipeline.java:197) ~[?:?]
		at java.base/java.util.ArrayList$ArrayListSpliterator.forEachRemaining(ArrayList.java:1708) ~[?:?]
		at java.base/java.util.stream.AbstractPipeline.copyInto(AbstractPipeline.java:509) ~[?:?]
		at java.base/java.util.stream.AbstractPipeline.wrapAndCopyInto(AbstractPipeline.java:499) ~[?:?]
		at java.base/java.util.stream.ReduceOps$ReduceOp.evaluateSequential(ReduceOps.java:921) ~[?:?]
		at java.base/java.util.stream.AbstractPipeline.evaluate(AbstractPipeline.java:234) ~[?:?]
		at java.base/java.util.stream.ReferencePipeline.collect(ReferencePipeline.java:682) ~[?:?]
		at net.neoforged.art.internal.ClassProviderImpl$ClassInfo.<init>(ClassProviderImpl.java:122) ~[AutoRenamingTool-2.0.3.jar:?]
		at net.neoforged.art.internal.ClassProviderBuilderImpl.lambda$addClass$1(ClassProviderBuilderImpl.java:64) ~[AutoRenamingTool-2.0.3.jar:?]
		at java.base/java.util.concurrent.ConcurrentHashMap.computeIfAbsent(ConcurrentHashMap.java:1708) ~[?:?]
		at net.neoforged.art.internal.ClassProviderBuilderImpl.addClass(ClassProviderBuilderImpl.java:64) ~[AutoRenamingTool-2.0.3.jar:?]
		at net.neoforged.art.internal.RenamerImpl.lambda$run$2(RenamerImpl.java:178) ~[paper-1.20.6.jar:?]
		at net.neoforged.art.internal.AsyncHelper.lambda$null$0(AsyncHelper.java:33) ~[AutoRenamingTool-2.0.3.jar:?]
		at java.base/java.util.concurrent.FutureTask.run(FutureTask.java:317) ~[?:?]
		... 3 more
Caused by: java.lang.RuntimeException: Failed to remap plugin jar 'plugins/MythicLib-1.6.1.jar'
	at io.papermc.paper.pluginremap.PluginRemapper.lambda$remap$7(PluginRemapper.java:358) ~[paper-1.20.6.jar:1.20.6-148-20f5165]
	at java.base/java.util.concurrent.CompletableFuture$UniApply.tryFire(CompletableFuture.java:646) ~[?:?]
	... 4 more
Caused by: java.lang.RuntimeException: Failed to execute task io/lumine/mythic/lib/MythicLibL10
	at net.neoforged.art.internal.AsyncHelper.invokeAll(AsyncHelper.java:56) ~[AutoRenamingTool-2.0.3.jar:?]
	at net.neoforged.art.internal.AsyncHelper.consumeAll(AsyncHelper.java:36) ~[AutoRenamingTool-2.0.3.jar:?]
	at net.neoforged.art.internal.RenamerImpl.run(RenamerImpl.java:177) ~[paper-1.20.6.jar:?]
	at net.neoforged.art.internal.RenamerImpl.run(RenamerImpl.java:95) ~[paper-1.20.6.jar:?]
	at io.papermc.paper.pluginremap.PluginRemapper.lambda$remap$7(PluginRemapper.java:355) ~[paper-1.20.6.jar:1.20.6-148-20f5165]
	at java.base/java.util.concurrent.CompletableFuture$UniApply.tryFire(CompletableFuture.java:646) ~[?:?]
	... 4 more
Caused by: java.util.concurrent.ExecutionException: java.lang.IllegalStateException: Duplicate key a (attempted merging values private static io/lumine/mythic/lib/MythicLibL10/a Ljavassist/ws/a; and private static io/lumine/mythic/lib/MythicLibL10/a Ljava/io/File;)
	at java.base/java.util.concurrent.FutureTask.report(FutureTask.java:122) ~[?:?]
	at java.base/java.util.concurrent.FutureTask.get(FutureTask.java:191) ~[?:?]
	at net.neoforged.art.internal.AsyncHelper.invokeAll(AsyncHelper.java:52) ~[AutoRenamingTool-2.0.3.jar:?]
	at net.neoforged.art.internal.AsyncHelper.consumeAll(AsyncHelper.java:36) ~[AutoRenamingTool-2.0.3.jar:?]
	at net.neoforged.art.internal.RenamerImpl.run(RenamerImpl.java:177) ~[paper-1.20.6.jar:?]
	at net.neoforged.art.internal.RenamerImpl.run(RenamerImpl.java:95) ~[paper-1.20.6.jar:?]
	at io.papermc.paper.pluginremap.PluginRemapper.lambda$remap$7(PluginRemapper.java:355) ~[paper-1.20.6.jar:1.20.6-148-20f5165]
	at java.base/java.util.concurrent.CompletableFuture$UniApply.tryFire(CompletableFuture.java:646) ~[?:?]
	... 4 more
Caused by: java.lang.IllegalStateException: Duplicate key a (attempted merging values private static io/lumine/mythic/lib/MythicLibL10/a Ljavassist/ws/a; and private static io/lumine/mythic/lib/MythicLibL10/a Ljava/io/File;)
	at java.base/java.util.stream.Collectors.duplicateKeyException(Collectors.java:135) ~[?:?]
	at java.base/java.util.stream.Collectors.lambda$uniqKeysMapAccumulator$1(Collectors.java:182) ~[?:?]
	at java.base/java.util.stream.ReduceOps$3ReducingSink.accept(ReduceOps.java:169) ~[?:?]
	at java.base/java.util.stream.ReferencePipeline$3$1.accept(ReferencePipeline.java:197) ~[?:?]
	at java.base/java.util.ArrayList$ArrayListSpliterator.forEachRemaining(ArrayList.java:1708) ~[?:?]
	at java.base/java.util.stream.AbstractPipeline.copyInto(AbstractPipeline.java:509) ~[?:?]
	at java.base/java.util.stream.AbstractPipeline.wrapAndCopyInto(AbstractPipeline.java:499) ~[?:?]
	at java.base/java.util.stream.ReduceOps$ReduceOp.evaluateSequential(ReduceOps.java:921) ~[?:?]
	at java.base/java.util.stream.AbstractPipeline.evaluate(AbstractPipeline.java:234) ~[?:?]
	at java.base/java.util.stream.ReferencePipeline.collect(ReferencePipeline.java:682) ~[?:?]
	at net.neoforged.art.internal.ClassProviderImpl$ClassInfo.<init>(ClassProviderImpl.java:122) ~[AutoRenamingTool-2.0.3.jar:?]
	at net.neoforged.art.internal.ClassProviderBuilderImpl.lambda$addClass$1(ClassProviderBuilderImpl.java:64) ~[AutoRenamingTool-2.0.3.jar:?]
	at java.base/java.util.concurrent.ConcurrentHashMap.computeIfAbsent(ConcurrentHashMap.java:1740) ~[?:?]
	at net.neoforged.art.internal.ClassProviderBuilderImpl.addClass(ClassProviderBuilderImpl.java:64) ~[AutoRenamingTool-2.0.3.jar:?]
	at net.neoforged.art.internal.RenamerImpl.lambda$run$2(RenamerImpl.java:178) ~[paper-1.20.6.jar:?]
	at net.neoforged.art.internal.AsyncHelper.lambda$null$0(AsyncHelper.java:33) ~[AutoRenamingTool-2.0.3.jar:?]
	at java.base/java.util.concurrent.FutureTask.run(FutureTask.java:317) ~[?:?]
	... 3 more
[07:03:23] [ServerMain/INFO]: Environment: Environment[sessionHost=https://sessionserver.mojang.com, servicesHost=https://api.minecraftservices.com, name=PROD]
[07:03:25] [ServerMain/INFO]: Loaded 1175 recipes
[07:03:25] [ServerMain/INFO]: Loaded 1276 advancements
[07:03:25] [Server thread/INFO]: Starting minecraft server version 1.20.6
[07:03:25] [Server thread/INFO]: Loading properties
[07:03:25] [Server thread/INFO]: This server is running Paper version 1.20.6-148-ver/1.20.6@20f5165 (2024-07-02T15:37:33Z) (Implementing API version 1.20.6-R0.1-SNAPSHOT)
[07:03:26] [Server thread/INFO]: Server Ping Player Sample Count: 12
[07:03:26] [Server thread/INFO]: Using 4 threads for Netty based IO
[07:03:27] [Server thread/WARN]: [!] The timings profiler has been enabled but has been scheduled for removal from Paper in the future.
    We recommend installing the spark profiler as a replacement: https://spark.lucko.me/
    For more information please visit: https://github.com/PaperMC/Paper/issues/8948
[07:03:27] [Server thread/INFO]: [ChunkTaskScheduler] Chunk system is using 1 I/O threads, 1 worker threads, and gen parallelism of 1 threads
[07:03:27] [Server thread/INFO]: Default game type: SURVIVAL
[07:03:27] [Server thread/INFO]: Generating keypair
[07:03:27] [Server thread/INFO]: Starting Minecraft server on *:25565
[07:03:27] [Server thread/INFO]: Using epoll channel type
[07:03:28] [Server thread/INFO]: Paper: Using libdeflate (Linux x86_64) compression from Velocity.
[07:03:28] [Server thread/INFO]: Paper: Using OpenSSL 1.1.x (Linux x86_64) cipher from Velocity.
[07:03:29] [Server thread/INFO]: [ViaVersion] Loading server plugin ViaVersion v5.0.3
[07:03:29] [Server thread/INFO]: [ViaVersion] ViaVersion 5.0.3 is now loaded. Registering protocol transformers and injecting...
[07:03:30] [Via-Mappingloader-0/INFO]: [ViaVersion] Loading block connection mappings ...
[07:03:30] [Via-Mappingloader-0/INFO]: [ViaVersion] Using FastUtil Long2ObjectOpenHashMap for block connections
[07:03:31] [Server thread/INFO]: [ViaBackwards] Loading translations...
[07:03:31] [Server thread/INFO]: [ViaBackwards] Registering protocols...
[07:03:32] [Server thread/INFO]: [Vault] Loading server plugin Vault v1.7.3-b131
[07:03:32] [Server thread/INFO]: [PlaceholderAPI] Loading server plugin PlaceholderAPI v2.11.6
[07:03:32] [Server thread/INFO]: [floodgate] Loading server plugin floodgate v2.2.3-SNAPSHOT (b110-e7e40f5)
[07:03:34] [Server thread/WARN]: [floodgate] en_ is not a supported Floodgate language.
[07:03:34] [Server thread/INFO]: [floodgate] Took 2,058ms to boot Floodgate
[07:03:34] [Server thread/INFO]: [ProtocolLib] Loading server plugin ProtocolLib v5.2.0-SNAPSHOT-679
[07:03:34] [Server thread/WARN]: [ProtocolLib] Version (MC: 1.20.6) has not yet been tested! Proceed with caution.
[07:03:36] [Server thread/ERROR]: [ProtocolLib] Assuming package version: v1_20_R1
[07:03:36] [Server thread/ERROR]:   [ProtocolLib] INTERNAL ERROR: Cannot load ProtocolLib.
  If this problem hasn't already been reported, please open a ticket
  at https://github.com/dmulloy2/ProtocolLib/issues with the following data:
  Stack Trace:
  java.lang.IllegalArgumentException: Unable to find a field that matches {modifiers=[required: 10000, banned: 1000], type={ type input instanceof interface java.util.Map }}
  	at ProtocolLib.jar//com.comphenix.protocol.reflect.FuzzyReflection.getField(FuzzyReflection.java:352)
  	at ProtocolLib.jar//com.comphenix.protocol.injector.packet.PacketRegistry.createNewRegister(PacketRegistry.java:183)
  	at ProtocolLib.jar//com.comphenix.protocol.injector.packet.PacketRegistry.initialize(PacketRegistry.java:334)
  	at ProtocolLib.jar//com.comphenix.protocol.injector.packet.PacketRegistry.getClientPacketTypes(PacketRegistry.java:369)
  	at ProtocolLib.jar//com.comphenix.protocol.injector.PacketFilterManager.<init>(PacketFilterManager.java:120)
  	at ProtocolLib.jar//com.comphenix.protocol.injector.PacketFilterBuilder.build(PacketFilterBuilder.java:121)
  	at ProtocolLib.jar//com.comphenix.protocol.ProtocolLib.onLoad(ProtocolLib.java:183)
  	at io.papermc.paper.plugin.storage.ServerPluginProviderStorage.processProvided(ServerPluginProviderStorage.java:59)
  	at io.papermc.paper.plugin.storage.ServerPluginProviderStorage.processProvided(ServerPluginProviderStorage.java:18)
  	at io.papermc.paper.plugin.storage.SimpleProviderStorage.enter(SimpleProviderStorage.java:39)
  	at io.papermc.paper.plugin.entrypoint.LaunchEntryPointHandler.enter(LaunchEntryPointHandler.java:36)
  	at org.bukkit.craftbukkit.CraftServer.loadPlugins(CraftServer.java:532)
  	at net.minecraft.server.dedicated.DedicatedServer.initServer(DedicatedServer.java:286)
  	at net.minecraft.server.MinecraftServer.runServer(MinecraftServer.java:1136)
  	at net.minecraft.server.MinecraftServer.lambda$spin$0(MinecraftServer.java:323)
  	at java.base/java.lang.Thread.run(Thread.java:1583)
  Dump:
  Parameters: 
    [NULL]
  Sender:
    com.comphenix.protocol.ProtocolLib@2b509fc[
      statistics=<null>
      packetTask=<null>
      tickCounter=0
      configExpectedMod=-1
      updater=com.comphenix.protocol.updater.SpigotUpdater@1cbdc79b
      redirectHandler=<null>
      scheduler=com.comphenix.protocol.scheduler.DefaultScheduler@366dc719
      commandProtocol=<null>
      commandPacket=<null>
      commandFilter=<null>
      packetLogging=<null>
      skipDisable=false
      isEnabled=false
      loader=io.papermc.paper.plugin.manager.DummyBukkitPluginLoader@734b1fc8
      server=CraftServer{serverName=Paper,serverVersion=1.20.6-148-20f5165,minecraftVersion=1.20.6}
      file=plugins/.paper-remapped/ProtocolLib.jar
      description=org.bukkit.plugin.PluginDescriptionFile@1d4bea28
      pluginMeta=org.bukkit.plugin.PluginDescriptionFile@1d4bea28
      dataFolder=plugins/ProtocolLib
      classLoader=PluginClassLoader{plugin=ProtocolLib v5.2.0-SNAPSHOT-679, pluginEnabled=false, url=plugins/.paper-remapped/ProtocolLib.jar}
      naggable=true
      newConfig=YamlConfiguration[path='', root='YamlConfiguration']
      configFile=plugins/ProtocolLib/config.yml
      logger=com.destroystokyo.paper.utils.PaperPluginLogger@68f65b87
      lifecycleEventManager=io.papermc.paper.plugin.lifecycle.event.PaperLifecycleEventManager@7fe44829
      allowsLifecycleRegistration=true
    ]
  Version:
    ProtocolLib v5.2.0-SNAPSHOT-679
  Java Version:
    21.0.4
  Server:
    1.20.6-148-20f5165 (MC: 1.20.6)

[07:03:36] [Server thread/INFO]: [ViaBackwards] Loading server plugin ViaBackwards v5.0.3
[07:03:36] [Server thread/INFO]: [Essentials] Loading server plugin Essentials v2.21.0-dev+111-b54c8c1
[07:03:36] [Server thread/INFO]: [SimpleTpa] Loading server plugin SimpleTpa v7.3
[07:03:36] [Server thread/INFO]: [Quests] Loading server plugin Quests v5.1.3-b503
[07:03:36] [Server thread/INFO]: [TAB] Loading server plugin TAB v4.1.8
[07:03:36] [Server thread/INFO]: [TreeAssist] Loading server plugin TreeAssist v7.3.57
[07:03:36] [Server thread/INFO]: [TreeAssist] Loading main config file: /config.yml
[07:03:36] [Server thread/INFO]: [Orebfuscator] Loading server plugin Orebfuscator v5.5.0
[07:03:36] [Server thread/INFO]: [SleepFixer] Loading server plugin SleepFixer v2.0.3
[07:03:36] [Server thread/INFO]: [SkinsRestorer] Loading server plugin SkinsRestorer v15.4.2
[07:03:36] [Server thread/INFO]: [EssentialsChat] Loading server plugin EssentialsChat v2.21.0-dev+111-b54c8c1
[07:03:36] [Server thread/INFO]: [EssentialsSpawn] Loading server plugin EssentialsSpawn v2.21.0-dev+111-b54c8c1
[07:03:36] [Server thread/INFO]: [Geyser-Spigot] Loading server plugin Geyser-Spigot v2.4.2-SNAPSHOT
[07:03:38] [Server thread/INFO]: [Geyser-Spigot] Loading extensions...
[07:03:38] [Server thread/INFO]: [Geyser-Spigot] Loaded 0 extension(s)
[07:03:38] [Server thread/INFO]: [playit-gg] Loading server plugin playit-gg v0.1.4
[07:03:38] [Server thread/INFO]: [ClearLag] Loading server plugin ClearLag v3.2.2
[07:03:38] [Server thread/INFO]: Server permissions file permissions.yml is empty, ignoring it
[07:03:38] [Server thread/INFO]: [Vault] Enabling Vault v1.7.3-b131
[07:03:38] [Server thread/INFO]: [Vault] [Economy] Essentials Economy found: Waiting
[07:03:38] [Server thread/INFO]: [Vault] [Permission] SuperPermissions loaded as backup permission system.
[07:03:38] [Server thread/INFO]: [Vault] Enabled Version 1.7.3-b131
[07:03:38] [Server thread/INFO]: [ProtocolLib] Enabling ProtocolLib v5.2.0-SNAPSHOT-679
[07:03:38] [Server thread/ERROR]: ******************************************************
[07:03:38] [Server thread/ERROR]: *** ProtocolLib does not support plugin reloaders! ***
[07:03:38] [Server thread/ERROR]: *** Please use the built-in reload command!        ***
[07:03:38] [Server thread/ERROR]: ******************************************************
[07:03:38] [Server thread/INFO]: [ProtocolLib] Disabling ProtocolLib v5.2.0-SNAPSHOT-679
[07:03:38] [Server thread/INFO]: [SleepFixer] Enabling SleepFixer v2.0.3
[07:03:38] [Server thread/INFO]: [SleepFixer] Loading files...
[07:03:38] [Server thread/INFO]: [SleepFixer] Registering listeners...
[07:03:38] [Server thread/INFO]: [SleepFixer] Running misc procedures...
[07:03:38] [Server thread/INFO]: [SleepFixer] Start-up complete (took 21397457000000ms).
[07:03:38] [Server thread/INFO]: [SkinsRestorer] Enabling SkinsRestorer v15.4.2
[07:03:39] [Server thread/WARN]: [SkinsRestorer] You must agree to the rules at 'commands.perSkinPermissionsConsent' in the config to use per skin permissions.
[07:03:39] [Server thread/INFO]: [SkinsRestorer] Running on Minecraft 1.20.6.
[07:03:40] [Server thread/INFO]: [SkinsRestorer] Floodgate skin listener registered
[07:03:40] [Server thread/INFO]: [SkinsRestorer] Using paper join listener!
[07:03:40] [Server thread/INFO]: [PlaceholderAPI] Successfully registered internal expansion: skinsrestorer [15.4.2]
[07:03:40] [Server thread/INFO]: [SkinsRestorer] PlaceholderAPI expansion registered!
[07:03:40] [Server thread/WARN]: **** SERVER IS RUNNING IN OFFLINE/INSECURE MODE!
[07:03:40] [Server thread/WARN]: The server will make no attempt to authenticate usernames. Beware.
[07:03:40] [Server thread/WARN]: While this makes the game possible to play without internet access, it also opens up the ability for hackers to connect with any username they choose.
[07:03:40] [Server thread/WARN]: To change this, set "online-mode" to "true" in the server.properties file.
[07:03:40] [Server thread/INFO]: Preparing level "world"
[07:03:41] [Folia Async Scheduler Thread #1/INFO]: [SkinsRestorer] ----------------------------------------------
[07:03:41] [Folia Async Scheduler Thread #1/INFO]: [SkinsRestorer]     +==================+
[07:03:41] [Folia Async Scheduler Thread #1/INFO]: [SkinsRestorer]     |   SkinsRestorer  |
[07:03:41] [Folia Async Scheduler Thread #1/INFO]: [SkinsRestorer]     |------------------|
[07:03:41] [Folia Async Scheduler Thread #1/INFO]: [SkinsRestorer]     |  Standalone Mode |
[07:03:41] [Folia Async Scheduler Thread #1/INFO]: [SkinsRestorer]     +==================+
[07:03:41] [Folia Async Scheduler Thread #1/INFO]: [SkinsRestorer] ----------------------------------------------
[07:03:41] [Folia Async Scheduler Thread #1/INFO]: [SkinsRestorer]     Version: 15.4.2
[07:03:41] [Folia Async Scheduler Thread #1/INFO]: [SkinsRestorer]     Commit: 210a436
[07:03:41] [Folia Async Scheduler Thread #1/INFO]: [SkinsRestorer]     This is the latest version!
[07:03:41] [Folia Async Scheduler Thread #1/INFO]: [SkinsRestorer] ----------------------------------------------
[07:03:41] [Server thread/INFO]: Preparing start region for dimension minecraft:overworld
[07:03:43] [Server thread/INFO]: Time elapsed: 1875 ms
[07:03:43] [Server thread/INFO]: Preparing start region for dimension minecraft:the_nether
[07:03:43] [Server thread/INFO]: Time elapsed: 289 ms
[07:03:43] [Server thread/INFO]: Preparing start region for dimension minecraft:the_end
[07:03:44] [Server thread/INFO]: Time elapsed: 193 ms
[07:03:44] [Server thread/INFO]: [ViaVersion] Enabling ViaVersion v5.0.3
[07:03:44] [Server thread/INFO]: [ViaVersion] ViaVersion detected server version: 1.20.5-1.20.6 (766)
[07:03:44] [Server thread/INFO]: [PlaceholderAPI] Enabling PlaceholderAPI v2.11.6
[07:03:44] [Server thread/INFO]: [PlaceholderAPI] Fetching available expansion information...
[07:03:44] [Server thread/INFO]: [floodgate] Enabling floodgate v2.2.3-SNAPSHOT (b110-e7e40f5)
[07:03:45] [Server thread/INFO]: [ViaBackwards] Enabling ViaBackwards v5.0.3
[07:03:45] [Server thread/INFO]: [Essentials] Enabling Essentials v2.21.0-dev+111-b54c8c1
[07:03:47] [Server thread/INFO]: [Essentials] Attempting to convert old kits in config.yml to new kits.yml
[07:03:47] [Server thread/INFO]: [Essentials] No kits found to migrate.
[07:03:47] [Server thread/INFO]: [Essentials] Loaded 42679 items from items.json.
[07:03:47] [Server thread/INFO]: [Essentials] Using locale en
[07:03:47] [Server thread/INFO]: [Essentials] ServerListPingEvent: Spigot iterator API
[07:03:48] [Server thread/INFO]: [Essentials] Starting Metrics. Opt-out using the global bStats config.
[07:03:48] [Server thread/INFO]: [Vault] [Economy] Essentials Economy hooked.
[07:03:48] [Server thread/INFO]: [Essentials] Using superperms-based permissions.
[07:03:48] [Server thread/INFO]: [SimpleTpa] Enabling SimpleTpa v7.3
[07:03:48] [Server thread/INFO]: [SimpleTpa] If you need support contact me at https://discord.gg/SZUkza9
[07:03:48] [Server thread/INFO]: [SimpleTpa] Simple Tpa has been enabled on version 7.3
[07:03:48] [Server thread/INFO]: Enabled metrics. You may opt-out by changing plugins/bStats/config.yml
[07:03:48] [Server thread/INFO]: [PlaceholderAPI] Successfully registered internal expansion: SimpleTpa [7.3]
[07:03:48] [Server thread/INFO]: [Quests] Enabling Quests v5.1.3-b503
[07:03:48] [Server thread/WARN]: [org.bukkit.craftbukkit.legacy.CraftLegacy] Initializing Legacy Material Support. Unless you have legacy plugins and/or data this is a bug!
[07:03:59] [Server thread/INFO]: [NBTAPI] [NBTAPI] Found Minecraft: 1.20.6! Trying to find NMS support
[07:03:59] [Server thread/INFO]: [NBTAPI] [NBTAPI] NMS support 'MC1_20_R4' loaded!
[07:03:59] [Server thread/INFO]: [NBTAPI] [NBTAPI] Using the plugin 'Quests' to create a bStats instance!
[07:03:59] [Server thread/INFO]: [Quests] Loaded language en-US. Translations via Crowdin
[07:03:59] [Server thread/INFO]: [Quests] Loading storage implementation: YAML
[07:03:59] [Server thread/INFO]: [TAB] Enabling TAB v4.1.8
[07:03:59] [Server thread/INFO]: [TAB] Loaded NMS hook in 104ms
[07:04:00] [Server thread/INFO]: [PlaceholderAPI] Successfully registered internal expansion: tab [4.1.8]
[07:04:00] [Server thread/INFO]: [TAB] Enabled in 551ms
[07:04:00] [Server thread/INFO]: [TreeAssist] Enabling TreeAssist v7.3.57
[07:04:00] [Server thread/INFO]: [TreeAssist] sending full Metrics! You can deactivate this in the config.yml
[07:04:00] [Server thread/INFO]: [TreeAssist] debugging: off
[07:04:00] [Server thread/INFO]: [PlaceholderAPI] Successfully registered internal expansion: ta [0.0.1]
[07:04:00] [Thread-11/INFO]: [TreeAssist] Checking for updates...
[07:04:00] [Server thread/INFO]: [Orebfuscator] Enabling Orebfuscator v5.5.0
[07:04:00] [Server thread/ERROR]: [Orebfuscator] An error occurred while enabling plugin
java.lang.RuntimeException: ProtocolLib can't be found or is disabled! Orebfuscator can't be enabled.
	at orebfuscator-plugin-5.5.0 (1).jar/net.imprex.orebfuscator.Orebfuscator.onEnable(Orebfuscator.java:54) ~[orebfuscator-plugin-5.5.0 (1).jar:?]
	at org.bukkit.plugin.java.JavaPlugin.setEnabled(JavaPlugin.java:288) ~[paper-api-1.20.6-R0.1-SNAPSHOT.jar:?]
	at io.papermc.paper.plugin.manager.PaperPluginInstanceManager.enablePlugin(PaperPluginInstanceManager.java:202) ~[paper-1.20.6.jar:1.20.6-148-20f5165]
	at io.papermc.paper.plugin.manager.PaperPluginManagerImpl.enablePlugin(PaperPluginManagerImpl.java:109) ~[paper-1.20.6.jar:1.20.6-148-20f5165]
	at org.bukkit.plugin.SimplePluginManager.enablePlugin(SimplePluginManager.java:520) ~[paper-api-1.20.6-R0.1-SNAPSHOT.jar:?]
	at org.bukkit.craftbukkit.CraftServer.enablePlugin(CraftServer.java:626) ~[paper-1.20.6.jar:1.20.6-148-20f5165]
	at org.bukkit.craftbukkit.CraftServer.enablePlugins(CraftServer.java:575) ~[paper-1.20.6.jar:1.20.6-148-20f5165]
	at net.minecraft.server.MinecraftServer.loadWorld0(MinecraftServer.java:675) ~[paper-1.20.6.jar:1.20.6-148-20f5165]
	at net.minecraft.server.MinecraftServer.loadLevel(MinecraftServer.java:437) ~[paper-1.20.6.jar:1.20.6-148-20f5165]
	at net.minecraft.server.dedicated.DedicatedServer.initServer(DedicatedServer.java:323) ~[paper-1.20.6.jar:1.20.6-148-20f5165]
	at net.minecraft.server.MinecraftServer.runServer(MinecraftServer.java:1136) ~[paper-1.20.6.jar:1.20.6-148-20f5165]
	at net.minecraft.server.MinecraftServer.lambda$spin$0(MinecraftServer.java:323) ~[paper-1.20.6.jar:1.20.6-148-20f5165]
	at java.base/java.lang.Thread.run(Thread.java:1583) ~[?:?]
[07:04:00] [Server thread/INFO]: [Orebfuscator] Disabling Orebfuscator v5.5.0
[07:04:00] [Server thread/INFO]: [EssentialsChat] Enabling EssentialsChat v2.21.0-dev+111-b54c8c1
[07:04:00] [Server thread/INFO]: [EssentialsChat] Starting Metrics. Opt-out using the global bStats config.
[07:04:00] [Server thread/INFO]: [EssentialsSpawn] Enabling EssentialsSpawn v2.21.0-dev+111-b54c8c1
[07:04:00] [Server thread/INFO]: [EssentialsSpawn] Starting Metrics. Opt-out using the global bStats config.
[07:04:00] [Server thread/INFO]: [Geyser-Spigot] Enabling Geyser-Spigot v2.4.2-SNAPSHOT
[07:04:00] [Server thread/INFO]: [playit-gg] Enabling playit-gg v0.1.4
[07:04:02] [Thread-12/INFO]: [gg.playit.minecraft.PlayitKeysSetup] secret key found, checking
[07:04:02] [Thread-12/INFO]: [gg.playit.minecraft.PlayitKeysSetup] check secret
[07:04:02] [Server thread/INFO]: [ClearLag] Enabling ClearLag v3.2.2
[07:04:02] [Server thread/INFO]: [ClearLag] Using version-adapter: LatestVersionAdapter
[07:04:02] [Server thread/INFO]: [ClearLag] Loading modules...
[07:04:02] [Server thread/WARN]: [ClearLag] Clearlag failed to use the internal TPS tracker during initialization. Reverted to estimation... (Index 3 out of bounds for length 3)
[07:04:02] [Server thread/INFO]: [ClearLag] Modules enabed, loading config values
[07:04:02] [Server thread/INFO]: [ClearLag] Modules have been loaded!
[07:04:02] [Server thread/INFO]: [ClearLag] Clearlag is now enabled!
[07:04:02] [Thread-13/WARN]: [ClearLag] Clearlag failed to check for updates - bukkit may be down
[07:04:02] [Thread-13/WARN]: java.lang.ArrayIndexOutOfBoundsException: Index 3 out of bounds for length 3
[07:04:02] [Thread-13/WARN]: 	at Clearlag (1).jar//me.minebuilders.clearlag.Util.getBukkitVersion(Util.java:105)
[07:04:02] [Thread-13/WARN]: 	at Clearlag (1).jar//me.minebuilders.clearlag.BukkitUpdater.updateAvailable(BukkitUpdater.java:32)
[07:04:02] [Thread-13/WARN]: 	at Clearlag (1).jar//me.minebuilders.clearlag.BukkitUpdater.run(BukkitUpdater.java:82)
[07:04:02] [Thread-13/WARN]: 	at java.base/java.lang.Thread.run(Thread.java:1583)
[07:04:02] [Server thread/INFO]: [PlaceholderAPI] Placeholder expansion registration initializing...
[07:04:02] [Server thread/INFO]: [Geyser-Spigot] ******************************************
[07:04:02] [Server thread/INFO]: [Geyser-Spigot] 
[07:04:02] [Server thread/INFO]: [Geyser-Spigot] Loading Geyser version 2.4.2-b666 (git-master-9dad34d)
[07:04:02] [Server thread/INFO]: [Geyser-Spigot] 
[07:04:02] [Server thread/INFO]: [Geyser-Spigot] ******************************************
[07:04:04] [Thread-12/INFO]: [gg.playit.minecraft.PlayitKeysSetup] found minecraft java tunnel: unique-answers.gl.joinmc.link
[07:04:04] [Thread-12/INFO]: [gg.playit.minecraft.PlayitManager] keys and tunnel setup
[07:04:04] [Thread-12/INFO]: playit.gg: tunnel setup
[07:04:04] [Thread-12/INFO]: playit.gg: unique-answers.gl.joinmc.link
[07:04:04] [Thread-12/WARN]: [gg.playit.control.ChannelSetup] Got IO error working with :control.playit.gg/2602:fbaf:848:0:0:0:0:1, error : java.net.SocketException: Network is unreachable
[07:04:05] [Thread-12/INFO]: [gg.playit.control.ChannelSetup] request queued, waiting 1 second before resend
[07:04:06] [Thread-12/INFO]: [gg.playit.control.ChannelSetup] request queued, waiting 1 second before resend
[07:04:08] [epollEventLoopGroup-4-1/INFO]: [Geyser-Spigot] Started Geyser on UDP port 19132
[07:04:08] [Server thread/INFO]: [Geyser-Spigot] Done (6.502s)! Run /geyser help for help!
[07:04:09] [Server thread/INFO]: Running delayed init tasks
[07:04:09] [Server thread/INFO]: [Essentials] Essentials found a compatible payment resolution method: Vault Compatibility Layer (v1.7.3-b131)!
[07:04:09] [Craft Scheduler Thread - 5 - ViaVersion/INFO]: [ViaVersion] Finished mapping loading, shutting down loader executor!
[07:04:09] [Craft Scheduler Thread - 9 - Vault/INFO]: [Vault] Checking for Updates ... 
[07:04:09] [Craft Scheduler Thread - 7 - Essentials/INFO]: [Essentials] Fetching version information...
[07:04:09] [Server thread/INFO]: [PlaceholderAPI] Successfully registered external expansion: math [2.0.2]
[07:04:09] [Server thread/INFO]: [PlaceholderAPI] Successfully registered external expansion: statistic [2.0.1]
[07:04:09] [Craft Scheduler Thread - 9 - Vault/INFO]: [Vault] No new version available
[07:04:09] [Server thread/INFO]: [PlaceholderAPI] Successfully registered external expansion: vault [1.8.3]
[07:04:09] [Server thread/INFO]: [PlaceholderAPI] Successfully registered external expansion: player [2.0.8]
[07:04:09] [Server thread/INFO]: [PlaceholderAPI] Successfully registered external expansion: localtime [1.2]
[07:04:09] [Server thread/INFO]: [PlaceholderAPI] Successfully registered external expansion: gradient2 [1.1]
[07:04:09] [Server thread/INFO]: [PlaceholderAPI] Successfully registered external expansion: server [2.7.2]
[07:04:09] [Server thread/INFO]: [PlaceholderAPI] Successfully registered external expansion: customfont [1.0.1]
[07:04:09] [Server thread/INFO]: [PlaceholderAPI] Successfully registered external expansion: utils [1.0.9]
[07:04:09] [Server thread/INFO]: [PlaceholderAPI] Successfully registered external expansion: essentials [1.5.2]
[07:04:09] [Server thread/INFO]: 10 placeholder hook(s) registered!
[07:04:09] [Server thread/INFO]: Done (43.506s)! For help, type "help"
[07:04:09] [Server thread/INFO]: Timings Reset
[07:04:09] [Server thread/INFO]: [Quests] Loaded 4 Quest(s), 7 Action(s), 1 Condition(s) and 798 Phrase(s)
[07:07:07] [Thread-12/INFO]: [gg.playit.minecraft.PlayitManager] got new client: NewClient{connectAddr=147.185.221.22:39148, peerAddr=172.104.152.224:48906, claimAddress=209.25.142.2:43783, claimToken=[44, 0, 60, -109, -71, -35, 22, -104, -20, -84, 104, -104, -32, -65, 10, 73, 108, 64, 126, -85, 7, 102, -34, -98, -101, 0, 0, 0, 0, 0, 11, -17, 114, 0, 0, 0, 0, 0, 55, 83, -91, 66, 126, -85, 7, 0, 0, 0, 0, 36, 0, 0, 0, 0, 0, 0, 0, 1, 0, 9, -115, -67, -32, 40, -18, 85, 111, -36, -15, -21, -74, 21, 44, -5, -36, -23], tunnelServerId=1, dataCenterId=36}
[07:07:07] [Thread-12/INFO]: [gg.playit.minecraft.PlayitManager] starting tcp tunnel for client
[07:07:07] [Thread-12/INFO]: [gg.playit.minecraft.PlayitTcpTunnel] start connection to /209.25.142.2:43783 to claim client
[07:07:07] [nioEventLoopGroup-2-1/INFO]: [gg.playit.minecraft.PlayitTcpTunnel] connected to tunnel server, sending claim token
[07:07:07] [nioEventLoopGroup-2-1/INFO]: [gg.playit.minecraft.PlayitTcpTunnel] claim token sent
[07:07:07] [nioEventLoopGroup-2-1/INFO]: [gg.playit.minecraft.PlayitTcpTunnel] connection to tunnel server has been established
[07:07:07] [nioEventLoopGroup-2-1/INFO]: [gg.playit.minecraft.PlayitTcpTunnel] Reflect: ReflectionHelper{ServerConnection=class net.minecraft.server.network.ServerConnectionListener, LegacyPingHandler=class net.minecraft.server.network.LegacyQueryHandler, MinecraftServer=class net.minecraft.server.MinecraftServer, PacketSplitter=class net.minecraft.network.Varint21FrameDecoder, PacketDecoder=class net.minecraft.network.PacketDecoder, EnumProtocolDirection=class net.minecraft.network.protocol.PacketFlow, PacketPrepender=class net.minecraft.network.Varint21LengthFieldPrepender, PacketEncoder=class net.minecraft.network.PacketEncoder, NetworkManagerServer=class net.minecraft.network.RateKickingConnection, NetworkManager=class net.minecraft.network.Connection, HandshakeListener=class net.minecraft.server.network.ServerHandshakePacketListenerImpl, PacketListener=interface net.minecraft.network.PacketListener, CraftServer=class org.bukkit.craftbukkit.CraftServer}
[07:07:07] [nioEventLoopGroup-2-1/INFO]: [gg.playit.minecraft.PlayitTcpTunnel] legacyPingHandler is null
[07:07:07] [nioEventLoopGroup-2-1/INFO]: [gg.playit.minecraft.PlayitTcpTunnel] connecting to minecraft server at localhost/127.0.0.1:25565
[07:07:07] [nioEventLoopGroup-2-2/INFO]: [gg.playit.minecraft.PlayitTcpTunnel] connected to local minecraft server
[07:07:29] [Thread-12/INFO]: [gg.playit.minecraft.PlayitManager] got new client: NewClient{connectAddr=[2602:fbaf:0830:0001:0000:0000:0000:0016]:39148, peerAddr=[2a01:7e01:0000:0000:f03c:92ff:fea9:a7d3]:49284, claimAddress=209.25.142.2:43783, claimToken=[64, 0, 88, 38, 2, -5, -81, 8, 48, 0, 1, 0, 0, 0, 0, 0, 0, 0, 22, -104, -20, 42, 1, 126, 1, 0, 0, 0, 0, -16, 60, -110, -1, -2, -87, -89, -45, -64, -124, 0, 0, 0, 0, 96, 92, 69, 8, -85, 7, 102, -34, -98, -79, 0, 0, 0, 0, 0, 11, -17, 114, 0, 0, 0, 0, 0, 55, 83, -91, -125, 8, -85, 7, 0, 0, 0, 0, 36, 0, 0, 0, 0, 0, 0, 0, 1, 0, 7, 101, 108, 103, -84, 50, 73, -38, 56, 58, -14, -74, 35, 0, -22, 58, -11], tunnelServerId=1, dataCenterId=36}
[07:07:29] [Thread-12/INFO]: [gg.playit.minecraft.PlayitManager] starting tcp tunnel for client
[07:07:29] [Thread-12/INFO]: [gg.playit.minecraft.PlayitTcpTunnel] start connection to /209.25.142.2:43783 to claim client
[07:07:29] [nioEventLoopGroup-2-3/INFO]: [gg.playit.minecraft.PlayitTcpTunnel] connected to tunnel server, sending claim token
[07:07:29] [nioEventLoopGroup-2-3/INFO]: [gg.playit.minecraft.PlayitTcpTunnel] claim token sent
[07:07:29] [nioEventLoopGroup-2-3/INFO]: [gg.playit.minecraft.PlayitTcpTunnel] connection to tunnel server has been established
[07:07:29] [nioEventLoopGroup-2-3/INFO]: [gg.playit.minecraft.PlayitTcpTunnel] Reflect: ReflectionHelper{ServerConnection=class net.minecraft.server.network.ServerConnectionListener, LegacyPingHandler=class net.minecraft.server.network.LegacyQueryHandler, MinecraftServer=class net.minecraft.server.MinecraftServer, PacketSplitter=class net.minecraft.network.Varint21FrameDecoder, PacketDecoder=class net.minecraft.network.PacketDecoder, EnumProtocolDirection=class net.minecraft.network.protocol.PacketFlow, PacketPrepender=class net.minecraft.network.Varint21LengthFieldPrepender, PacketEncoder=class net.minecraft.network.PacketEncoder, NetworkManagerServer=class net.minecraft.network.RateKickingConnection, NetworkManager=class net.minecraft.network.Connection, HandshakeListener=class net.minecraft.server.network.ServerHandshakePacketListenerImpl, PacketListener=interface net.minecraft.network.PacketListener, CraftServer=class org.bukkit.craftbukkit.CraftServer}
[07:07:29] [nioEventLoopGroup-2-3/INFO]: [gg.playit.minecraft.PlayitTcpTunnel] legacyPingHandler is null
[07:07:29] [nioEventLoopGroup-2-3/INFO]: [gg.playit.minecraft.PlayitTcpTunnel] connecting to minecraft server at localhost/127.0.0.1:25565
[07:07:29] [nioEventLoopGroup-2-4/INFO]: [gg.playit.minecraft.PlayitTcpTunnel] connected to local minecraft server
[07:08:08] [Thread-12/INFO]: [gg.playit.control.ChannelSetup] send keep alive
[07:08:56] [Thread-12/INFO]: [gg.playit.minecraft.PlayitManager] got new client: NewClient{connectAddr=147.185.221.22:39148, peerAddr=172.104.152.224:55480, claimAddress=209.25.142.2:43783, claimToken=[44, 0, 60, -109, -71, -35, 22, -104, -20, -84, 104, -104, -32, -40, -72, -21, 64, -94, -72, -85, 7, 102, -34, -97, 8, 0, 0, 0, 0, 0, 11, -17, 114, 0, 0, 0, 0, 0, 55, 83, -91, -71, -72, -85, 7, 0, 0, 0, 0, 36, 0, 0, 0, 0, 0, 0, 0, 1, 0, 4, 94, -47, -36, 122, -104, -85, 58, 35, -125, 13, 48, 109, 75, -107, 127, -93], tunnelServerId=1, dataCenterId=36}
[07:08:56] [Thread-12/INFO]: [gg.playit.minecraft.PlayitManager] starting tcp tunnel for client
[07:08:56] [Thread-12/INFO]: [gg.playit.minecraft.PlayitTcpTunnel] start connection to /209.25.142.2:43783 to claim client
[07:08:56] [nioEventLoopGroup-2-1/INFO]: [gg.playit.minecraft.PlayitTcpTunnel] connected to tunnel server, sending claim token
[07:08:56] [nioEventLoopGroup-2-1/INFO]: [gg.playit.minecraft.PlayitTcpTunnel] claim token sent
[07:08:56] [nioEventLoopGroup-2-1/INFO]: [gg.playit.minecraft.PlayitTcpTunnel] connection to tunnel server has been established
[07:08:56] [nioEventLoopGroup-2-1/INFO]: [gg.playit.minecraft.PlayitTcpTunnel] Reflect: ReflectionHelper{ServerConnection=class net.minecraft.server.network.ServerConnectionListener, LegacyPingHandler=class net.minecraft.server.network.LegacyQueryHandler, MinecraftServer=class net.minecraft.server.MinecraftServer, PacketSplitter=class net.minecraft.network.Varint21FrameDecoder, PacketDecoder=class net.minecraft.network.PacketDecoder, EnumProtocolDirection=class net.minecraft.network.protocol.PacketFlow, PacketPrepender=class net.minecraft.network.Varint21LengthFieldPrepender, PacketEncoder=class net.minecraft.network.PacketEncoder, NetworkManagerServer=class net.minecraft.network.RateKickingConnection, NetworkManager=class net.minecraft.network.Connection, HandshakeListener=class net.minecraft.server.network.ServerHandshakePacketListenerImpl, PacketListener=interface net.minecraft.network.PacketListener, CraftServer=class org.bukkit.craftbukkit.CraftServer}
[07:08:56] [nioEventLoopGroup-2-1/INFO]: [gg.playit.minecraft.PlayitTcpTunnel] legacyPingHandler is null
[07:08:56] [nioEventLoopGroup-2-1/INFO]: [gg.playit.minecraft.PlayitTcpTunnel] connecting to minecraft server at localhost/127.0.0.1:25565
[07:08:56] [nioEventLoopGroup-2-2/INFO]: [gg.playit.minecraft.PlayitTcpTunnel] connected to local minecraft server
[07:08:58] [Thread-12/INFO]: [gg.playit.minecraft.PlayitManager] got new client: NewClient{connectAddr=[2602:fbaf:0830:0001:0000:0000:0000:0016]:39148, peerAddr=[2a01:7e01:0000:0000:f03c:92ff:fea9:a7d3]:40318, claimAddress=209.25.142.2:43783, claimToken=[64, 0, 88, 38, 2, -5, -81, 8, 48, 0, 1, 0, 0, 0, 0, 0, 0, 0, 22, -104, -20, 42, 1, 126, 1, 0, 0, 0, 0, -16, 60, -110, -1, -2, -87, -89, -45, -99, 126, 0, 0, 0, 0, 77, 101, 17, 100, -85, 7, 102, -34, -97, 10, 0, 0, 0, 0, 0, 11, -17, 114, 0, 0, 0, 0, 0, 55, 83, -91, -43, 100, -85, 7, 0, 0, 0, 0, 36, 0, 0, 0, 0, 0, 0, 0, 1, 0, 5, 30, 107, -90, -91, -59, 82, 119, 104, -71, 41, 33, 117, 11, 61, 85, -29], tunnelServerId=1, dataCenterId=36}
[07:08:58] [Thread-12/INFO]: [gg.playit.minecraft.PlayitManager] starting tcp tunnel for client
[07:08:58] [Thread-12/INFO]: [gg.playit.minecraft.PlayitTcpTunnel] start connection to /209.25.142.2:43783 to claim client
[07:08:58] [nioEventLoopGroup-2-3/INFO]: [gg.playit.minecraft.PlayitTcpTunnel] connected to tunnel server, sending claim token
[07:08:58] [nioEventLoopGroup-2-3/INFO]: [gg.playit.minecraft.PlayitTcpTunnel] claim token sent
[07:08:58] [nioEventLoopGroup-2-3/INFO]: [gg.playit.minecraft.PlayitTcpTunnel] connection to tunnel server has been established
[07:08:58] [nioEventLoopGroup-2-3/INFO]: [gg.playit.minecraft.PlayitTcpTunnel] Reflect: ReflectionHelper{ServerConnection=class net.minecraft.server.network.ServerConnectionListener, LegacyPingHandler=class net.minecraft.server.network.LegacyQueryHandler, MinecraftServer=class net.minecraft.server.MinecraftServer, PacketSplitter=class net.minecraft.network.Varint21FrameDecoder, PacketDecoder=class net.minecraft.network.PacketDecoder, EnumProtocolDirection=class net.minecraft.network.protocol.PacketFlow, PacketPrepender=class net.minecraft.network.Varint21LengthFieldPrepender, PacketEncoder=class net.minecraft.network.PacketEncoder, NetworkManagerServer=class net.minecraft.network.RateKickingConnection, NetworkManager=class net.minecraft.network.Connection, HandshakeListener=class net.minecraft.server.network.ServerHandshakePacketListenerImpl, PacketListener=interface net.minecraft.network.PacketListener, CraftServer=class org.bukkit.craftbukkit.CraftServer}
[07:08:58] [nioEventLoopGroup-2-3/INFO]: [gg.playit.minecraft.PlayitTcpTunnel] legacyPingHandler is null
[07:08:58] [nioEventLoopGroup-2-3/INFO]: [gg.playit.minecraft.PlayitTcpTunnel] connecting to minecraft server at localhost/127.0.0.1:25565
[07:08:58] [nioEventLoopGroup-2-4/INFO]: [gg.playit.minecraft.PlayitTcpTunnel] connected to local minecraft server
[07:10:32] [Thread-12/INFO]: [gg.playit.minecraft.PlayitManager] got new client: NewClient{connectAddr=147.185.221.22:39148, peerAddr=180.246.29.51:56435, claimAddress=209.25.142.2:43784, claimToken=[44, 0, 60, -109, -71, -35, 22, -104, -20, -76, -10, 29, 51, -36, 115, -9, -126, 3, -45, -85, 8, 102, -34, -97, 104, 0, 0, 0, 0, 0, 11, -17, 114, 0, 0, 0, 0, 0, 55, 83, -91, 6, -45, -85, 8, 0, 0, 0, 0, 28, 0, 0, 0, 0, 0, 0, 0, 1, 0, 1, 65, 81, -32, 70, -96, -70, -6, 69, 33, 12, -70, -9, -24, 2, 63, 87], tunnelServerId=1, dataCenterId=28}
[07:10:32] [Thread-12/INFO]: [gg.playit.minecraft.PlayitManager] starting tcp tunnel for client
[07:10:32] [Thread-12/INFO]: [gg.playit.minecraft.PlayitTcpTunnel] start connection to /209.25.142.2:43784 to claim client
[07:10:32] [Thread-12/INFO]: [gg.playit.minecraft.PlayitManager] got new client: NewClient{connectAddr=147.185.221.22:39148, peerAddr=180.246.29.51:56436, claimAddress=209.25.142.2:43784, claimToken=[44, 0, 60, -109, -71, -35, 22, -104, -20, -76, -10, 29, 51, -36, 116, 53, 53, 23, -95, -85, 8, 102, -34, -97, 104, 0, 0, 0, 0, 0, 11, -17, 114, 0, 0, 0, 0, 0, 55, 83, -91, 51, -95, -85, 8, 0, 0, 0, 0, 28, 0, 0, 0, 0, 0, 0, 0, 1, 0, 1, 55, 120, 48, -8, 117, 114, -26, 56, 52, 44, -85, 52, -38, 8, -35, 52], tunnelServerId=1, dataCenterId=28}
[07:10:32] [Thread-12/INFO]: [gg.playit.minecraft.PlayitManager] starting tcp tunnel for client
[07:10:32] [Thread-12/INFO]: [gg.playit.minecraft.PlayitTcpTunnel] start connection to /209.25.142.2:43784 to claim client
[07:10:32] [nioEventLoopGroup-2-1/INFO]: [gg.playit.minecraft.PlayitTcpTunnel] connected to tunnel server, sending claim token
[07:10:32] [nioEventLoopGroup-2-1/INFO]: [gg.playit.minecraft.PlayitTcpTunnel] claim token sent
[07:10:32] [nioEventLoopGroup-2-2/INFO]: [gg.playit.minecraft.PlayitTcpTunnel] connected to tunnel server, sending claim token
[07:10:32] [nioEventLoopGroup-2-2/INFO]: [gg.playit.minecraft.PlayitTcpTunnel] claim token sent
[07:10:32] [nioEventLoopGroup-2-1/INFO]: [gg.playit.minecraft.PlayitTcpTunnel] connection to tunnel server has been established
[07:10:32] [nioEventLoopGroup-2-1/INFO]: [gg.playit.minecraft.PlayitTcpTunnel] Reflect: ReflectionHelper{ServerConnection=class net.minecraft.server.network.ServerConnectionListener, LegacyPingHandler=class net.minecraft.server.network.LegacyQueryHandler, MinecraftServer=class net.minecraft.server.MinecraftServer, PacketSplitter=class net.minecraft.network.Varint21FrameDecoder, PacketDecoder=class net.minecraft.network.PacketDecoder, EnumProtocolDirection=class net.minecraft.network.protocol.PacketFlow, PacketPrepender=class net.minecraft.network.Varint21LengthFieldPrepender, PacketEncoder=class net.minecraft.network.PacketEncoder, NetworkManagerServer=class net.minecraft.network.RateKickingConnection, NetworkManager=class net.minecraft.network.Connection, HandshakeListener=class net.minecraft.server.network.ServerHandshakePacketListenerImpl, PacketListener=interface net.minecraft.network.PacketListener, CraftServer=class org.bukkit.craftbukkit.CraftServer}
[07:10:32] [nioEventLoopGroup-2-1/INFO]: [gg.playit.minecraft.PlayitTcpTunnel] legacyPingHandler is null
[07:10:32] [nioEventLoopGroup-2-1/INFO]: [gg.playit.minecraft.PlayitTcpTunnel] connecting to minecraft server at localhost/127.0.0.1:25565
[07:10:32] [nioEventLoopGroup-2-2/INFO]: [gg.playit.minecraft.PlayitTcpTunnel] connection to tunnel server has been established
[07:10:32] [nioEventLoopGroup-2-3/INFO]: [gg.playit.minecraft.PlayitTcpTunnel] connected to local minecraft server
[07:10:32] [nioEventLoopGroup-2-2/INFO]: [gg.playit.minecraft.PlayitTcpTunnel] Reflect: ReflectionHelper{ServerConnection=class net.minecraft.server.network.ServerConnectionListener, LegacyPingHandler=class net.minecraft.server.network.LegacyQueryHandler, MinecraftServer=class net.minecraft.server.MinecraftServer, PacketSplitter=class net.minecraft.network.Varint21FrameDecoder, PacketDecoder=class net.minecraft.network.PacketDecoder, EnumProtocolDirection=class net.minecraft.network.protocol.PacketFlow, PacketPrepender=class net.minecraft.network.Varint21LengthFieldPrepender, PacketEncoder=class net.minecraft.network.PacketEncoder, NetworkManagerServer=class net.minecraft.network.RateKickingConnection, NetworkManager=class net.minecraft.network.Connection, HandshakeListener=class net.minecraft.server.network.ServerHandshakePacketListenerImpl, PacketListener=interface net.minecraft.network.PacketListener, CraftServer=class org.bukkit.craftbukkit.CraftServer}
[07:10:32] [nioEventLoopGroup-2-2/INFO]: [gg.playit.minecraft.PlayitTcpTunnel] legacyPingHandler is null
[07:10:32] [nioEventLoopGroup-2-2/INFO]: [gg.playit.minecraft.PlayitTcpTunnel] connecting to minecraft server at localhost/127.0.0.1:25565
[07:10:32] [nioEventLoopGroup-2-4/INFO]: [gg.playit.minecraft.PlayitTcpTunnel] connected to local minecraft server
[07:10:36] [Thread-12/INFO]: [gg.playit.minecraft.PlayitManager] got new client: NewClient{connectAddr=147.185.221.22:39148, peerAddr=180.246.29.51:56437, claimAddress=209.25.142.2:43784, claimToken=[44, 0, 60, -109, -71, -35, 22, -104, -20, -76, -10, 29, 51, -36, 117, 57, -39, -86, 83, -85, 8, 102, -34, -97, 108, 0, 0, 0, 0, 0, 11, -17, 114, 0, 0, 0, 0, 0, 55, 83, -91, -106, 83, -85, 8, 0, 0, 0, 0, 28, 0, 0, 0, 0, 0, 0, 0, 1, 0, 1, 26, -61, 94, 51, -112, 126, -51, -118, -121, 91, 68, 10, -52, -114, 62, -19], tunnelServerId=1, dataCenterId=28}
[07:10:36] [Thread-12/INFO]: [gg.playit.minecraft.PlayitManager] starting tcp tunnel for client
[07:10:36] [Thread-12/INFO]: [gg.playit.minecraft.PlayitTcpTunnel] start connection to /209.25.142.2:43784 to claim client
[07:10:36] [nioEventLoopGroup-2-1/INFO]: [gg.playit.minecraft.PlayitTcpTunnel] connected to tunnel server, sending claim token
[07:10:36] [nioEventLoopGroup-2-1/INFO]: [gg.playit.minecraft.PlayitTcpTunnel] claim token sent
[07:10:36] [nioEventLoopGroup-2-1/INFO]: [gg.playit.minecraft.PlayitTcpTunnel] connection to tunnel server has been established
[07:10:36] [nioEventLoopGroup-2-1/INFO]: [gg.playit.minecraft.PlayitTcpTunnel] Reflect: ReflectionHelper{ServerConnection=class net.minecraft.server.network.ServerConnectionListener, LegacyPingHandler=class net.minecraft.server.network.LegacyQueryHandler, MinecraftServer=class net.minecraft.server.MinecraftServer, PacketSplitter=class net.minecraft.network.Varint21FrameDecoder, PacketDecoder=class net.minecraft.network.PacketDecoder, EnumProtocolDirection=class net.minecraft.network.protocol.PacketFlow, PacketPrepender=class net.minecraft.network.Varint21LengthFieldPrepender, PacketEncoder=class net.minecraft.network.PacketEncoder, NetworkManagerServer=class net.minecraft.network.RateKickingConnection, NetworkManager=class net.minecraft.network.Connection, HandshakeListener=class net.minecraft.server.network.ServerHandshakePacketListenerImpl, PacketListener=interface net.minecraft.network.PacketListener, CraftServer=class org.bukkit.craftbukkit.CraftServer}
[07:10:36] [nioEventLoopGroup-2-1/INFO]: [gg.playit.minecraft.PlayitTcpTunnel] legacyPingHandler is null
[07:10:36] [nioEventLoopGroup-2-1/INFO]: [gg.playit.minecraft.PlayitTcpTunnel] connecting to minecraft server at localhost/127.0.0.1:25565
[07:10:36] [nioEventLoopGroup-2-2/INFO]: [gg.playit.minecraft.PlayitTcpTunnel] connected to local minecraft server
[07:10:37] [User Authenticator #0/INFO]: UUID of player Kazuki is d3f4b9e4-fe2f-355f-a0e3-a80f806684bb
[07:10:38] [nioEventLoopGroup-2-1/WARN]: [gg.playit.minecraft.PlayitTcpTunnel] failed to send data to tunnel
[07:10:38] [Server thread/INFO]: Kazuki (/127.0.0.1:45334) lost connection: Disconnected
[07:10:43] [Thread-12/INFO]: [gg.playit.minecraft.PlayitManager] got new client: NewClient{connectAddr=147.185.221.22:39148, peerAddr=180.246.29.51:56447, claimAddress=209.25.142.2:43784, claimToken=[44, 0, 60, -109, -71, -35, 22, -104, -20, -76, -10, 29, 51, -36, 127, -50, -1, -64, 76, -85, 8, 102, -34, -97, 115, 0, 0, 0, 0, 0, 11, -17, 114, 0, 0, 0, 0, 0, 55, 83, -91, 69, 76, -85, 8, 0, 0, 0, 0, 28, 0, 0, 0, 0, 0, 0, 0, 1, 0, 1, -37, 32, 97, -36, 74, 126, -42, -6, -11, -11, -82, 101, 21, -38, 81, 102], tunnelServerId=1, dataCenterId=28}
[07:10:43] [Thread-12/INFO]: [gg.playit.minecraft.PlayitManager] starting tcp tunnel for client
[07:10:43] [Thread-12/INFO]: [gg.playit.minecraft.PlayitTcpTunnel] start connection to /209.25.142.2:43784 to claim client
[07:10:43] [nioEventLoopGroup-2-3/INFO]: [gg.playit.minecraft.PlayitTcpTunnel] connected to tunnel server, sending claim token
[07:10:43] [nioEventLoopGroup-2-3/INFO]: [gg.playit.minecraft.PlayitTcpTunnel] claim token sent
[07:10:43] [nioEventLoopGroup-2-3/INFO]: [gg.playit.minecraft.PlayitTcpTunnel] connection to tunnel server has been established
[07:10:43] [nioEventLoopGroup-2-3/INFO]: [gg.playit.minecraft.PlayitTcpTunnel] Reflect: ReflectionHelper{ServerConnection=class net.minecraft.server.network.ServerConnectionListener, LegacyPingHandler=class net.minecraft.server.network.LegacyQueryHandler, MinecraftServer=class net.minecraft.server.MinecraftServer, PacketSplitter=class net.minecraft.network.Varint21FrameDecoder, PacketDecoder=class net.minecraft.network.PacketDecoder, EnumProtocolDirection=class net.minecraft.network.protocol.PacketFlow, PacketPrepender=class net.minecraft.network.Varint21LengthFieldPrepender, PacketEncoder=class net.minecraft.network.PacketEncoder, NetworkManagerServer=class net.minecraft.network.RateKickingConnection, NetworkManager=class net.minecraft.network.Connection, HandshakeListener=class net.minecraft.server.network.ServerHandshakePacketListenerImpl, PacketListener=interface net.minecraft.network.PacketListener, CraftServer=class org.bukkit.craftbukkit.CraftServer}
[07:10:43] [nioEventLoopGroup-2-3/INFO]: [gg.playit.minecraft.PlayitTcpTunnel] legacyPingHandler is null
[07:10:43] [nioEventLoopGroup-2-3/INFO]: [gg.playit.minecraft.PlayitTcpTunnel] connecting to minecraft server at localhost/127.0.0.1:25565
[07:10:43] [nioEventLoopGroup-2-4/INFO]: [gg.playit.minecraft.PlayitTcpTunnel] connected to local minecraft server
[07:10:44] [User Authenticator #0/INFO]: UUID of player Kazuki is d3f4b9e4-fe2f-355f-a0e3-a80f806684bb
[07:10:45] [Server thread/INFO]: Kazuki joined the game
[07:10:45] [TAB Processing Thread/INFO]: [TAB] [WARN] Player Kazuki's group (none) is not in sorting list! Sorting list: owner,admin,mod,helper,builder,vip,default. Player will be sorted on the bottom.
[07:10:45] [Server thread/INFO]: Kazuki[/127.0.0.1:46234] logged in with entity id 98 at ([world]-1817.212405358156, 71.0, -1084.8698844336016)
[07:11:07] [nioEventLoopGroup-2-3/WARN]: [gg.playit.minecraft.PlayitTcpTunnel] failed to send data to tunnel
[07:11:07] [Server thread/INFO]: Kazuki lost connection: Disconnected
[07:11:07] [Server thread/INFO]: Kazuki left the game
[07:11:12] [Thread-12/INFO]: [gg.playit.minecraft.PlayitManager] got new client: NewClient{connectAddr=147.185.221.22:39148, peerAddr=180.246.29.51:56455, claimAddress=209.25.142.2:43784, claimToken=[44, 0, 60, -109, -71, -35, 22, -104, -20, -76, -10, 29, 51, -36, -121, -42, -30, 79, 89, -85, 8, 102, -34, -97, -112, 0, 0, 0, 0, 0, 11, -17, 114, 0, 0, 0, 0, 0, 55, 83, -91, 80, 89, -85, 8, 0, 0, 0, 0, 28, 0, 0, 0, 0, 0, 0, 0, 1, 0, 1, 81, -6, -31, -21, -53, 25, -23, -88, -65, 62, 40, -49, 96, -50, -79, 61], tunnelServerId=1, dataCenterId=28}
[07:11:12] [Thread-12/INFO]: [gg.playit.minecraft.PlayitManager] starting tcp tunnel for client
[07:11:12] [Thread-12/INFO]: [gg.playit.minecraft.PlayitTcpTunnel] start connection to /209.25.142.2:43784 to claim client
[07:11:12] [nioEventLoopGroup-2-1/INFO]: [gg.playit.minecraft.PlayitTcpTunnel] connected to tunnel server, sending claim token
[07:11:12] [nioEventLoopGroup-2-1/INFO]: [gg.playit.minecraft.PlayitTcpTunnel] claim token sent
[07:11:12] [nioEventLoopGroup-2-1/INFO]: [gg.playit.minecraft.PlayitTcpTunnel] connection to tunnel server has been established
[07:11:12] [nioEventLoopGroup-2-1/INFO]: [gg.playit.minecraft.PlayitTcpTunnel] Reflect: ReflectionHelper{ServerConnection=class net.minecraft.server.network.ServerConnectionListener, LegacyPingHandler=class net.minecraft.server.network.LegacyQueryHandler, MinecraftServer=class net.minecraft.server.MinecraftServer, PacketSplitter=class net.minecraft.network.Varint21FrameDecoder, PacketDecoder=class net.minecraft.network.PacketDecoder, EnumProtocolDirection=class net.minecraft.network.protocol.PacketFlow, PacketPrepender=class net.minecraft.network.Varint21LengthFieldPrepender, PacketEncoder=class net.minecraft.network.PacketEncoder, NetworkManagerServer=class net.minecraft.network.RateKickingConnection, NetworkManager=class net.minecraft.network.Connection, HandshakeListener=class net.minecraft.server.network.ServerHandshakePacketListenerImpl, PacketListener=interface net.minecraft.network.PacketListener, CraftServer=class org.bukkit.craftbukkit.CraftServer}
[07:11:12] [nioEventLoopGroup-2-1/INFO]: [gg.playit.minecraft.PlayitTcpTunnel] legacyPingHandler is null
[07:11:12] [nioEventLoopGroup-2-1/INFO]: [gg.playit.minecraft.PlayitTcpTunnel] connecting to minecraft server at localhost/127.0.0.1:25565
[07:11:12] [nioEventLoopGroup-2-2/INFO]: [gg.playit.minecraft.PlayitTcpTunnel] connected to local minecraft server
[07:11:16] [Thread-12/INFO]: [gg.playit.minecraft.PlayitManager] got new client: NewClient{connectAddr=147.185.221.22:39148, peerAddr=180.246.29.51:56459, claimAddress=209.25.142.2:43784, claimToken=[44, 0, 60, -109, -71, -35, 22, -104, -20, -76, -10, 29, 51, -36, -117, 89, 51, 48, -7, -85, 8, 102, -34, -97, -108, 0, 0, 0, 0, 0, 11, -17, 114, 0, 0, 0, 0, 0, 55, 83, -91, -30, -7, -85, 8, 0, 0, 0, 0, 28, 0, 0, 0, 0, 0, 0, 0, 1, 0, 1, 73, -104, -103, -107, 65, 59, 24, -19, -60, -50, 42, 83, 91, 121, 75, 11], tunnelServerId=1, dataCenterId=28}
[07:11:16] [Thread-12/INFO]: [gg.playit.minecraft.PlayitManager] starting tcp tunnel for client
[07:11:16] [Thread-12/INFO]: [gg.playit.minecraft.PlayitTcpTunnel] start connection to /209.25.142.2:43784 to claim client
[07:11:16] [nioEventLoopGroup-2-3/INFO]: [gg.playit.minecraft.PlayitTcpTunnel] connected to tunnel server, sending claim token
[07:11:16] [nioEventLoopGroup-2-3/INFO]: [gg.playit.minecraft.PlayitTcpTunnel] claim token sent
[07:11:16] [nioEventLoopGroup-2-3/INFO]: [gg.playit.minecraft.PlayitTcpTunnel] connection to tunnel server has been established
[07:11:16] [nioEventLoopGroup-2-3/INFO]: [gg.playit.minecraft.PlayitTcpTunnel] Reflect: ReflectionHelper{ServerConnection=class net.minecraft.server.network.ServerConnectionListener, LegacyPingHandler=class net.minecraft.server.network.LegacyQueryHandler, MinecraftServer=class net.minecraft.server.MinecraftServer, PacketSplitter=class net.minecraft.network.Varint21FrameDecoder, PacketDecoder=class net.minecraft.network.PacketDecoder, EnumProtocolDirection=class net.minecraft.network.protocol.PacketFlow, PacketPrepender=class net.minecraft.network.Varint21LengthFieldPrepender, PacketEncoder=class net.minecraft.network.PacketEncoder, NetworkManagerServer=class net.minecraft.network.RateKickingConnection, NetworkManager=class net.minecraft.network.Connection, HandshakeListener=class net.minecraft.server.network.ServerHandshakePacketListenerImpl, PacketListener=interface net.minecraft.network.PacketListener, CraftServer=class org.bukkit.craftbukkit.CraftServer}
[07:11:16] [nioEventLoopGroup-2-3/INFO]: [gg.playit.minecraft.PlayitTcpTunnel] legacyPingHandler is null
[07:11:16] [nioEventLoopGroup-2-3/INFO]: [gg.playit.minecraft.PlayitTcpTunnel] connecting to minecraft server at localhost/127.0.0.1:25565
[07:11:16] [nioEventLoopGroup-2-4/INFO]: [gg.playit.minecraft.PlayitTcpTunnel] connected to local minecraft server
[07:11:17] [User Authenticator #0/INFO]: UUID of player Kazuki is d3f4b9e4-fe2f-355f-a0e3-a80f806684bb
[07:11:18] [Server thread/INFO]: Kazuki joined the game
[07:11:18] [Server thread/INFO]: Kazuki[/127.0.0.1:41358] logged in with entity id 303 at ([world]-1826.9329666666831, 71.0, -1089.9422918461476)
[07:11:18] [TAB Processing Thread/INFO]: [TAB] [WARN] Player Kazuki's group (none) is not in sorting list! Sorting list: owner,admin,mod,helper,builder,vip,default. Player will be sorted on the bottom.
[07:11:32] [nioEventLoopGroup-2-3/WARN]: [gg.playit.minecraft.PlayitTcpTunnel] failed to send data to tunnel
[07:11:32] [Server thread/INFO]: Kazuki lost connection: Disconnected
[07:11:32] [Server thread/INFO]: Kazuki left the game
[07:12:11] [Thread-12/INFO]: [gg.playit.control.ChannelSetup] send keep alive
[07:15:12] [Thread-12/INFO]: [gg.playit.minecraft.PlayitManager] got new client: NewClient{connectAddr=147.185.221.22:39148, peerAddr=172.104.152.224:35428, claimAddress=209.25.142.2:43783, claimToken=[44, 0, 60, -109, -71, -35, 22, -104, -20, -84, 104, -104, -32, -118, 100, -31, 72, 121, -79, -85, 7, 102, -34, -96, -128, 0, 0, 0, 0, 0, 11, -17, 114, 0, 0, 0, 0, 0, 55, 83, -91, -124, -79, -85, 7, 0, 0, 0, 0, 36, 0, 0, 0, 0, 0, 0, 0, 1, 0, 9, 120, -62, -51, 114, 55, 81, -69, 7, 88, 86, 89, 90, 52, -59, 27, -48], tunnelServerId=1, dataCenterId=36}
[07:15:12] [Thread-12/INFO]: [gg.playit.minecraft.PlayitManager] starting tcp tunnel for client
[07:15:12] [Thread-12/INFO]: [gg.playit.minecraft.PlayitTcpTunnel] start connection to /209.25.142.2:43783 to claim client
[07:15:12] [nioEventLoopGroup-2-1/INFO]: [gg.playit.minecraft.PlayitTcpTunnel] connected to tunnel server, sending claim token
[07:15:12] [nioEventLoopGroup-2-1/INFO]: [gg.playit.minecraft.PlayitTcpTunnel] claim token sent
[07:15:12] [nioEventLoopGroup-2-1/INFO]: [gg.playit.minecraft.PlayitTcpTunnel] connection to tunnel server has been established
[07:15:12] [nioEventLoopGroup-2-1/INFO]: [gg.playit.minecraft.PlayitTcpTunnel] Reflect: ReflectionHelper{ServerConnection=class net.minecraft.server.network.ServerConnectionListener, LegacyPingHandler=class net.minecraft.server.network.LegacyQueryHandler, MinecraftServer=class net.minecraft.server.MinecraftServer, PacketSplitter=class net.minecraft.network.Varint21FrameDecoder, PacketDecoder=class net.minecraft.network.PacketDecoder, EnumProtocolDirection=class net.minecraft.network.protocol.PacketFlow, PacketPrepender=class net.minecraft.network.Varint21LengthFieldPrepender, PacketEncoder=class net.minecraft.network.PacketEncoder, NetworkManagerServer=class net.minecraft.network.RateKickingConnection, NetworkManager=class net.minecraft.network.Connection, HandshakeListener=class net.minecraft.server.network.ServerHandshakePacketListenerImpl, PacketListener=interface net.minecraft.network.PacketListener, CraftServer=class org.bukkit.craftbukkit.CraftServer}
[07:15:12] [nioEventLoopGroup-2-1/INFO]: [gg.playit.minecraft.PlayitTcpTunnel] legacyPingHandler is null
[07:15:12] [nioEventLoopGroup-2-1/INFO]: [gg.playit.minecraft.PlayitTcpTunnel] connecting to minecraft server at localhost/127.0.0.1:25565
[07:15:12] [nioEventLoopGroup-2-2/INFO]: [gg.playit.minecraft.PlayitTcpTunnel] connected to local minecraft server
[07:16:12] [Thread-12/INFO]: [gg.playit.control.ChannelSetup] send keep alive
[07:20:12] [Thread-12/INFO]: [gg.playit.control.ChannelSetup] send keep alive
[07:22:57] [Server thread/INFO]: Stopping the server
[07:22:57] [Server thread/INFO]: Stopping server
[07:22:57] [Server thread/INFO]: [ClearLag] Disabling ClearLag v3.2.2
[07:22:57] [Server thread/INFO]: [ClearLag] Clearlag is now disabled!
[07:22:57] [Server thread/INFO]: [playit-gg] Disabling playit-gg v0.1.4
[07:22:57] [Server thread/INFO]: [Geyser-Spigot] Disabling Geyser-Spigot v2.4.2-SNAPSHOT
[07:22:57] [Server thread/INFO]: [Geyser-Spigot] Shutting down Geyser.
[07:22:57] [Server thread/INFO]: [Geyser-Spigot] Geyser shutdown successfully.
[07:22:57] [Server thread/INFO]: [EssentialsSpawn] Disabling EssentialsSpawn v2.21.0-dev+111-b54c8c1
[07:22:57] [Server thread/INFO]: [EssentialsChat] Disabling EssentialsChat v2.21.0-dev+111-b54c8c1
[07:22:57] [Server thread/INFO]: [SkinsRestorer] Disabling SkinsRestorer v15.4.2
[07:22:57] [Server thread/INFO]: [SleepFixer] Disabling SleepFixer v2.0.3
[07:22:57] [Server thread/INFO]: [SleepFixer] Shut-down complete (took 6161000000ms).
[07:22:57] [Server thread/INFO]: [TreeAssist] Disabling TreeAssist v7.3.57
[07:22:57] [Server thread/INFO]: [TAB] Disabling TAB v4.1.8
[07:22:57] [Server thread/INFO]: [TAB] Disabled in 1ms
[07:22:57] [Server thread/INFO]: [Quests] Disabling Quests v5.1.3-b503
[07:22:57] [Server thread/INFO]: [Quests] Saving Quester data...
[07:22:57] [Server thread/INFO]: [Quests] Closing storage...
[07:22:57] [Server thread/INFO]: [SimpleTpa] Disabling SimpleTpa v7.3
[07:22:57] [Server thread/INFO]: [SimpleTpa] If you need support contact me at https://discord.gg/SZUkza9
[07:22:57] [Server thread/INFO]: [SimpleTpa] Simple Tpa has been disabled on version 7.3
[07:22:57] [Server thread/INFO]: [Essentials] Disabling Essentials v2.21.0-dev+111-b54c8c1
[07:22:57] [Server thread/INFO]: [Vault] [Economy] Essentials Economy unhooked.
[07:22:57] [Server thread/INFO]: [ViaBackwards] Disabling ViaBackwards v5.0.3
[07:22:57] [Server thread/INFO]: [floodgate] Disabling floodgate v2.2.3-SNAPSHOT (b110-e7e40f5)
[07:22:57] [Server thread/INFO]: [PlaceholderAPI] Disabling PlaceholderAPI v2.11.6
[07:22:57] [Server thread/INFO]: [Vault] Disabling Vault v1.7.3-b131
[07:22:57] [Server thread/INFO]: [ViaVersion] Disabling ViaVersion v5.0.3
[07:22:57] [Server thread/INFO]: [ViaVersion] ViaVersion has been disabled; uninjected the platform and shut down the scheduler.
[07:22:57] [Server thread/INFO]: Saving players
[07:22:57] [Server thread/INFO]: Saving worlds
[07:22:57] [Server thread/INFO]: Saving chunks for level 'ServerLevel[world]'/minecraft:overworld
[07:22:57] [Server thread/INFO]: [ChunkHolderManager] Waiting 60s for chunk system to halt for world 'world'
[07:22:57] [Server thread/INFO]: [ChunkHolderManager] Halted chunk system for world 'world'
[07:22:57] [Server thread/INFO]: [ChunkHolderManager] Saving all chunkholders for world 'world'
[07:22:57] [WebSocketConnectReadThread-118/INFO]: [Geyser-Spigot] The skin uploader has been closed
[07:22:57] [Server thread/INFO]: [ChunkHolderManager] Saved 3 block chunks, 115 entity chunks, 0 poi chunks in world 'world' in 0.03s
[07:22:57] [Server thread/INFO]: ThreadedAnvilChunkStorage (world): All chunks are saved
[07:22:57] [Server thread/INFO]: Saving chunks for level 'ServerLevel[world_nether]'/minecraft:the_nether
[07:22:57] [Server thread/INFO]: [ChunkHolderManager] Waiting 60s for chunk system to halt for world 'world_nether'
[07:22:57] [Server thread/INFO]: [ChunkHolderManager] Halted chunk system for world 'world_nether'
[07:22:57] [Server thread/INFO]: [ChunkHolderManager] Saving all chunkholders for world 'world_nether'
[07:22:57] [Server thread/INFO]: [ChunkHolderManager] Saved 0 block chunks, 0 entity chunks, 0 poi chunks in world 'world_nether' in 0.00s
[07:22:57] [Server thread/INFO]: ThreadedAnvilChunkStorage (DIM-1): All chunks are saved
[07:22:57] [Server thread/INFO]: Saving chunks for level 'ServerLevel[world_the_end]'/minecraft:the_end
[07:22:57] [Server thread/INFO]: [ChunkHolderManager] Waiting 60s for chunk system to halt for world 'world_the_end'
[07:22:57] [Server thread/INFO]: [ChunkHolderManager] Halted chunk system for world 'world_the_end'
[07:22:57] [Server thread/INFO]: [ChunkHolderManager] Saving all chunkholders for world 'world_the_end'
[07:22:57] [Server thread/INFO]: [ChunkHolderManager] Saved 0 block chunks, 10 entity chunks, 0 poi chunks in world 'world_the_end' in 0.00s
[07:22:58] [Server thread/INFO]: ThreadedAnvilChunkStorage (DIM1): All chunks are saved
[07:22:58] [Server thread/INFO]: ThreadedAnvilChunkStorage: All dimensions are saved
[07:22:58] [Server thread/INFO]: Flushing Chunk IO
[07:22:58] [Server thread/INFO]: Closing Thread Pool
[07:22:58] [Server thread/INFO]: Closing Server
